This is pdfTeX, Version 3.14159265-2.6-1.40.20 (MiKTeX 2.9.7000 64-bit) (preloaded format=pdflatex 2019.5.18)  22 MAY 2020 10:58
entering extended mode
**./scopeStatement.tex
(scopeStatement.tex
LaTeX2e <2018-12-01>
(templates/imports.tex
("C:\Users\Lizenznehmer\AppData\Local\Programs\MiKTeX 2.9\tex/latex/koma-script
\scrartcl.cls"
Document Class: scrartcl 2019/02/01 v3.26b KOMA-Script document class (article)


("C:\Users\Lizenznehmer\AppData\Local\Programs\MiKTeX 2.9\tex/latex/koma-script
\scrkbase.sty"
Package: scrkbase 2019/02/01 v3.26b KOMA-Script package (KOMA-Script-dependent 
basics and keyval usage)

("C:\Users\Lizenznehmer\AppData\Local\Programs\MiKTeX 2.9\tex/latex/koma-script
\scrbase.sty"
Package: scrbase 2019/02/01 v3.26b KOMA-Script package (KOMA-Script-independent
 basics and keyval usage)

("C:\Users\Lizenznehmer\AppData\Local\Programs\MiKTeX 2.9\tex/latex/graphics\ke
yval.sty"
Package: keyval 2014/10/28 v1.15 key=value parser (DPC)
\KV@toks@=\toks14
)
("C:\Users\Lizenznehmer\AppData\Local\Programs\MiKTeX 2.9\tex/latex/koma-script
\scrlfile.sty"
Package: scrlfile 2019/02/01 v3.26b KOMA-Script package (loading files)
)))
("C:\Users\Lizenznehmer\AppData\Local\Programs\MiKTeX 2.9\tex/latex/koma-script
\tocbasic.sty"
Package: tocbasic 2019/02/01 v3.26b KOMA-Script package (handling toc-files)
\scr@dte@tocline@numberwidth=\skip41
\scr@dte@tocline@numbox=\box27
)
Package tocbasic Info: omitting babel extension for `toc'
(tocbasic)             because of feature `nobabel' available
(tocbasic)             for `toc' on input line 134.
Class scrartcl Info: File `scrsize11pt.clo' used instead of
(scrartcl)           file `scrsize11.clo' to setup font sizes on input line 216
2.

("C:\Users\Lizenznehmer\AppData\Local\Programs\MiKTeX 2.9\tex/latex/koma-script
\scrsize11pt.clo"
File: scrsize11pt.clo 2019/02/01 v3.26b KOMA-Script font size class option (11p
t)
)
("C:\Users\Lizenznehmer\AppData\Local\Programs\MiKTeX 2.9\tex/latex/koma-script
\typearea.sty"
Package: typearea 2019/02/01 v3.26b KOMA-Script package (type area)
\ta@bcor=\skip42
\ta@div=\count80
\ta@hblk=\skip43
\ta@vblk=\skip44
\ta@temp=\skip45
\footheight=\skip46
Package typearea Info: These are the values describing the layout:
(typearea)             DIV  = 10
(typearea)             BCOR = 0.0pt
(typearea)             \paperwidth      = 597.50793pt
(typearea)              \textwidth      = 418.25555pt
(typearea)              DIV departure   = -6%
(typearea)              \evensidemargin = 17.3562pt
(typearea)              \oddsidemargin  = 17.3562pt
(typearea)             \paperheight     = 845.04694pt
(typearea)              \textheight     = 595.80026pt
(typearea)              \topmargin      = -25.16531pt
(typearea)              \headheight     = 17.0pt
(typearea)              \headsep        = 20.40001pt
(typearea)              \topskip        = 11.0pt
(typearea)              \footskip       = 47.6pt
(typearea)              \baselineskip   = 13.6pt
(typearea)              on input line 1715.
)
\c@part=\count81
\c@section=\count82
\c@subsection=\count83
\c@subsubsection=\count84
\c@paragraph=\count85
\c@subparagraph=\count86
\scr@dte@section@maxnumwidth=\skip47
Class scrartcl Info: using compatibility default `runin=bysign'
(scrartcl)           for `\section on input line 4489.
Class scrartcl Info: using compatibility default `afterindent=bysign'
(scrartcl)           for `\section on input line 4489.
\scr@dte@part@maxnumwidth=\skip48
Class scrartcl Info: using compatibility default `afterindent=false'
(scrartcl)           for `\part on input line 4497.
\scr@dte@subsection@maxnumwidth=\skip49
Class scrartcl Info: using compatibility default `runin=bysign'
(scrartcl)           for `\subsection on input line 4507.
Class scrartcl Info: using compatibility default `afterindent=bysign'
(scrartcl)           for `\subsection on input line 4507.
\scr@dte@subsubsection@maxnumwidth=\skip50
Class scrartcl Info: using compatibility default `runin=bysign'
(scrartcl)           for `\subsubsection on input line 4517.
Class scrartcl Info: using compatibility default `afterindent=bysign'
(scrartcl)           for `\subsubsection on input line 4517.
\scr@dte@paragraph@maxnumwidth=\skip51
Class scrartcl Info: using compatibility default `runin=bysign'
(scrartcl)           for `\paragraph on input line 4527.
Class scrartcl Info: using compatibility default `afterindent=bysign'
(scrartcl)           for `\paragraph on input line 4527.
\scr@dte@subparagraph@maxnumwidth=\skip52
Class scrartcl Info: using compatibility default `runin=bysign'
(scrartcl)           for `\subparagraph on input line 4537.
Class scrartcl Info: using compatibility default `afterindent=bysign'
(scrartcl)           for `\subparagraph on input line 4537.
\abovecaptionskip=\skip53
\belowcaptionskip=\skip54
\c@pti@nb@sid@b@x=\box28
Package tocbasic Info: omitting babel extension for `lof'
(tocbasic)             because of feature `nobabel' available
(tocbasic)             for `lof' on input line 5781.
\scr@dte@figure@maxnumwidth=\skip55
\c@figure=\count87
Package tocbasic Info: omitting babel extension for `lot'
(tocbasic)             because of feature `nobabel' available
(tocbasic)             for `lot' on input line 5793.
\scr@dte@table@maxnumwidth=\skip56
\c@table=\count88
Class scrartcl Info: Redefining `\numberline' on input line 5957.
\bibindent=\dimen102
)
("C:\Users\Lizenznehmer\AppData\Local\Programs\MiKTeX 2.9\tex/latex/base\inpute
nc.sty"
Package: inputenc 2018/08/11 v1.3c Input encoding file
\inpenc@prehook=\toks15
\inpenc@posthook=\toks16
)
("C:\Users\Lizenznehmer\AppData\Local\Programs\MiKTeX 2.9\tex/latex/base\fonten
c.sty"
Package: fontenc 2018/08/11 v2.0j Standard LaTeX package

("C:\Users\Lizenznehmer\AppData\Local\Programs\MiKTeX 2.9\tex/latex/base\t1enc.
def"
File: t1enc.def 2018/08/11 v2.0j Standard LaTeX file
LaTeX Font Info:    Redeclaring font encoding T1 on input line 48.
))
("C:\Users\Lizenznehmer\AppData\Local\Programs\MiKTeX 2.9\tex/generic/babel\bab
el.sty"
Package: babel 2019/04/01 3.28 The Babel package

("C:\Users\Lizenznehmer\AppData\Local\Programs\MiKTeX 2.9\tex/generic/babel\swi
tch.def"
File: switch.def 2019/04/01 3.28 Babel switching mechanism
)
*************************************
* Local config file bblopts.cfg used
*

("C:\Users\Lizenznehmer\AppData\Local\Programs\MiKTeX 2.9\tex/latex/arabi\bblop
ts.cfg"
File: bblopts.cfg 2005/09/08 v0.1 add Arabic and Farsi to "declared" options of
 babel
)
("C:\Users\Lizenznehmer\AppData\Local\Programs\MiKTeX 2.9\tex/latex/babel-germa
n\german.ldf"
Language: german 2018/12/08 v2.11 German support for babel (pre-1996 orthograph
y)

("C:\Users\Lizenznehmer\AppData\Local\Programs\MiKTeX 2.9\tex/latex/babel-germa
n\germanb.ldf"
Language: germanb 2018/12/08 v2.11 German support for babel (pre-1996 orthograp
hy)

("C:\Users\Lizenznehmer\AppData\Local\Programs\MiKTeX 2.9\tex/generic/babel\bab
el.def"
File: babel.def 2019/04/01 3.28 Babel common definitions
\babel@savecnt=\count89
\U@D=\dimen103

("C:\Users\Lizenznehmer\AppData\Local\Programs\MiKTeX 2.9\tex/generic/babel\txt
babel.def")
\bbl@dirlevel=\count90
)
Package babel Info: Making " an active character on input line 135.
)))
("C:\Users\Lizenznehmer\AppData\Local\Programs\MiKTeX 2.9\tex/latex/hyperref\hy
perref.sty"
Package: hyperref 2018/11/30 v6.88e Hypertext links for LaTeX

("C:\Users\Lizenznehmer\AppData\Local\Programs\MiKTeX 2.9\tex/generic/oberdiek\
hobsub-hyperref.sty"
Package: hobsub-hyperref 2016/05/16 v1.14 Bundle oberdiek, subset hyperref (HO)


("C:\Users\Lizenznehmer\AppData\Local\Programs\MiKTeX 2.9\tex/generic/oberdiek\
hobsub-generic.sty"
Package: hobsub-generic 2016/05/16 v1.14 Bundle oberdiek, subset generic (HO)
Package: hobsub 2016/05/16 v1.14 Construct package bundles (HO)
Package: infwarerr 2016/05/16 v1.4 Providing info/warning/error messages (HO)
Package: ltxcmds 2016/05/16 v1.23 LaTeX kernel commands for general use (HO)
Package: ifluatex 2016/05/16 v1.4 Provides the ifluatex switch (HO)
Package ifluatex Info: LuaTeX not detected.
Package: ifvtex 2016/05/16 v1.6 Detect VTeX and its facilities (HO)
Package ifvtex Info: VTeX not detected.
Package: intcalc 2016/05/16 v1.2 Expandable calculations with integers (HO)
Package: ifpdf 2018/09/07 v3.3 Provides the ifpdf switch
Package: etexcmds 2016/05/16 v1.6 Avoid name clashes with e-TeX commands (HO)
Package: kvsetkeys 2016/05/16 v1.17 Key value parser (HO)
Package: kvdefinekeys 2016/05/16 v1.4 Define keys (HO)
Package: pdftexcmds 2018/09/10 v0.29 Utility functions of pdfTeX for LuaTeX (HO
)
Package pdftexcmds Info: LuaTeX not detected.
Package pdftexcmds Info: \pdf@primitive is available.
Package pdftexcmds Info: \pdf@ifprimitive is available.
Package pdftexcmds Info: \pdfdraftmode found.
Package: pdfescape 2016/05/16 v1.14 Implements pdfTeX's escape features (HO)
Package: bigintcalc 2016/05/16 v1.4 Expandable calculations on big integers (HO
)
Package: bitset 2016/05/16 v1.2 Handle bit-vector datatype (HO)
Package: uniquecounter 2016/05/16 v1.3 Provide unlimited unique counter (HO)
)
Package hobsub Info: Skipping package `hobsub' (already loaded).
Package: letltxmacro 2016/05/16 v1.5 Let assignment for LaTeX macros (HO)
Package: hopatch 2016/05/16 v1.3 Wrapper for package hooks (HO)
Package: xcolor-patch 2016/05/16 xcolor patch
Package: atveryend 2016/05/16 v1.9 Hooks at the very end of document (HO)
Package atveryend Info: \enddocument detected (standard20110627).
Package: atbegshi 2016/06/09 v1.18 At begin shipout hook (HO)
Package: refcount 2016/05/16 v3.5 Data extraction from label references (HO)
Package: hycolor 2016/05/16 v1.8 Color options for hyperref/bookmark (HO)
)
("C:\Users\Lizenznehmer\AppData\Local\Programs\MiKTeX 2.9\tex/generic/ifxetex\i
fxetex.sty"
Package: ifxetex 2010/09/12 v0.6 Provides ifxetex conditional
)
("C:\Users\Lizenznehmer\AppData\Local\Programs\MiKTeX 2.9\tex/latex/oberdiek\au
xhook.sty"
Package: auxhook 2016/05/16 v1.4 Hooks for auxiliary files (HO)
)
("C:\Users\Lizenznehmer\AppData\Local\Programs\MiKTeX 2.9\tex/latex/oberdiek\kv
options.sty"
Package: kvoptions 2016/05/16 v3.12 Key value format for package options (HO)
)
\@linkdim=\dimen104
\Hy@linkcounter=\count91
\Hy@pagecounter=\count92

("C:\Users\Lizenznehmer\AppData\Local\Programs\MiKTeX 2.9\tex/latex/hyperref\pd
1enc.def"
File: pd1enc.def 2018/11/30 v6.88e Hyperref: PDFDocEncoding definition (HO)
Now handling font encoding PD1 ...
... no UTF-8 mapping file for font encoding PD1
)
\Hy@SavedSpaceFactor=\count93

("C:\Users\Lizenznehmer\AppData\Local\Programs\MiKTeX 2.9\tex/latex/00miktex\hy
perref.cfg"
File: hyperref.cfg 2002/06/06 v1.2 hyperref configuration of TeXLive
)
Package hyperref Info: Hyper figures OFF on input line 4519.
Package hyperref Info: Link nesting OFF on input line 4524.
Package hyperref Info: Hyper index ON on input line 4527.
Package hyperref Info: Plain pages OFF on input line 4534.
Package hyperref Info: Backreferencing OFF on input line 4539.
Package hyperref Info: Implicit mode ON; LaTeX internals redefined.
Package hyperref Info: Bookmarks ON on input line 4772.
\c@Hy@tempcnt=\count94

("C:\Users\Lizenznehmer\AppData\Local\Programs\MiKTeX 2.9\tex/latex/url\url.sty
"
\Urlmuskip=\muskip10
Package: url 2013/09/16  ver 3.4  Verb mode for urls, etc.
)
LaTeX Info: Redefining \url on input line 5125.
\XeTeXLinkMargin=\dimen105
\Fld@menulength=\count95
\Field@Width=\dimen106
\Fld@charsize=\dimen107
Package hyperref Info: Hyper figures OFF on input line 6380.
Package hyperref Info: Link nesting OFF on input line 6385.
Package hyperref Info: Hyper index ON on input line 6388.
Package hyperref Info: backreferencing OFF on input line 6395.
Package hyperref Info: Link coloring OFF on input line 6400.
Package hyperref Info: Link coloring with OCG OFF on input line 6405.
Package hyperref Info: PDF/A mode OFF on input line 6410.
LaTeX Info: Redefining \ref on input line 6450.
LaTeX Info: Redefining \pageref on input line 6454.
\Hy@abspage=\count96
\c@Item=\count97
\c@Hfootnote=\count98
)
Package hyperref Info: Driver (autodetected): hpdftex.

("C:\Users\Lizenznehmer\AppData\Local\Programs\MiKTeX 2.9\tex/latex/hyperref\hp
dftex.def"
File: hpdftex.def 2018/11/30 v6.88e Hyperref driver for pdfTeX
\Fld@listcount=\count99
\c@bookmark@seq@number=\count100

("C:\Users\Lizenznehmer\AppData\Local\Programs\MiKTeX 2.9\tex/latex/oberdiek\re
runfilecheck.sty"
Package: rerunfilecheck 2016/05/16 v1.8 Rerun checks for auxiliary files (HO)
Package uniquecounter Info: New unique counter `rerunfilecheck' on input line 2
82.
)
\Hy@SectionHShift=\skip57
)
("C:\Users\Lizenznehmer\AppData\Local\Programs\MiKTeX 2.9\tex/latex/csquotes\cs
quotes.sty"
Package: csquotes 2019/05/10 v5.2e context-sensitive quotations (JAW)

("C:\Users\Lizenznehmer\AppData\Local\Programs\MiKTeX 2.9\tex/latex/etoolbox\et
oolbox.sty"
Package: etoolbox 2018/08/19 v2.5f e-TeX tools for LaTeX (JAW)
\etb@tempcnta=\count101
)
\csq@reset=\count102
\csq@gtype=\count103
\csq@glevel=\count104
\csq@qlevel=\count105
\csq@maxlvl=\count106
\csq@tshold=\count107
\csq@ltx@everypar=\toks17

("C:\Users\Lizenznehmer\AppData\Local\Programs\MiKTeX 2.9\tex/latex/csquotes\cs
quotes.def"
File: csquotes.def 2019/05/10 v5.2e csquotes generic definitions (JAW)
)
Package csquotes Info: Trying to load configuration file 'csquotes.cfg'...
Package csquotes Info: ... configuration file loaded successfully.

("C:\Users\Lizenznehmer\AppData\Local\Programs\MiKTeX 2.9\tex/latex/csquotes\cs
quotes.cfg"
File: csquotes.cfg 
))
("C:\Users\Lizenznehmer\AppData\Local\Programs\MiKTeX 2.9\tex/latex/glossaries/
base\glossaries.sty"
Package: glossaries 2019/01/06 v4.42 (NLCT)

("C:\Users\Lizenznehmer\AppData\Local\Programs\MiKTeX 2.9\tex/latex/base\ifthen
.sty"
Package: ifthen 2014/09/29 v1.1c Standard LaTeX ifthen package (DPC)
)
("C:\Users\Lizenznehmer\AppData\Local\Programs\MiKTeX 2.9\tex/latex/xkeyval\xke
yval.sty"
Package: xkeyval 2014/12/03 v2.7a package option processing (HA)

("C:\Users\Lizenznehmer\AppData\Local\Programs\MiKTeX 2.9\tex/generic/xkeyval\x
keyval.tex"
("C:\Users\Lizenznehmer\AppData\Local\Programs\MiKTeX 2.9\tex/generic/xkeyval\x
kvutils.tex"
\XKV@toks=\toks18
\XKV@tempa@toks=\toks19
)
\XKV@depth=\count108
File: xkeyval.tex 2014/12/03 v2.7a key=value parser (HA)
))
("C:\Users\Lizenznehmer\AppData\Local\Programs\MiKTeX 2.9\tex/latex/mfirstuc\mf
irstuc.sty"
Package: mfirstuc 2017/11/14 v2.06 (NLCT)
\@glsmfirst=\toks20
\@glsmrest=\toks21
)
("C:\Users\Lizenznehmer\AppData\Local\Programs\MiKTeX 2.9\tex/latex/textcase\te
xtcase.sty"
Package: textcase 2004/10/07 v0.07 Text only upper/lower case changing (DPC)
)
("C:\Users\Lizenznehmer\AppData\Local\Programs\MiKTeX 2.9\tex/latex/xfor\xfor.s
ty"
Package: xfor 2009/02/05 v1.05 (NLCT)
)
("C:\Users\Lizenznehmer\AppData\Local\Programs\MiKTeX 2.9\tex/latex/datatool\da
tatool-base.sty"
Package: datatool-base 2018/12/07 v2.31 (NLCT)

("C:\Users\Lizenznehmer\AppData\Local\Programs\MiKTeX 2.9\tex/latex/amsmath\ams
math.sty"
Package: amsmath 2018/12/01 v2.17b AMS math features
\@mathmargin=\skip58

For additional information on amsmath, use the `?' option.

("C:\Users\Lizenznehmer\AppData\Local\Programs\MiKTeX 2.9\tex/latex/amsmath\ams
text.sty"
Package: amstext 2000/06/29 v2.01 AMS text

("C:\Users\Lizenznehmer\AppData\Local\Programs\MiKTeX 2.9\tex/latex/amsmath\ams
gen.sty"
File: amsgen.sty 1999/11/30 v2.0 generic functions
\@emptytoks=\toks22
\ex@=\dimen108
))
("C:\Users\Lizenznehmer\AppData\Local\Programs\MiKTeX 2.9\tex/latex/amsmath\ams
bsy.sty"
Package: amsbsy 1999/11/29 v1.2d Bold Symbols
\pmbraise@=\dimen109
)
("C:\Users\Lizenznehmer\AppData\Local\Programs\MiKTeX 2.9\tex/latex/amsmath\ams
opn.sty"
Package: amsopn 2016/03/08 v2.02 operator names
)
\inf@bad=\count109
LaTeX Info: Redefining \frac on input line 223.
\uproot@=\count110
\leftroot@=\count111
LaTeX Info: Redefining \overline on input line 385.
\classnum@=\count112
\DOTSCASE@=\count113
LaTeX Info: Redefining \ldots on input line 482.
LaTeX Info: Redefining \dots on input line 485.
LaTeX Info: Redefining \cdots on input line 606.
\Mathstrutbox@=\box29
\strutbox@=\box30
\big@size=\dimen110
LaTeX Font Info:    Redeclaring font encoding OML on input line 729.
LaTeX Font Info:    Redeclaring font encoding OMS on input line 730.
\macc@depth=\count114
\c@MaxMatrixCols=\count115
\dotsspace@=\muskip11
\c@parentequation=\count116
\dspbrk@lvl=\count117
\tag@help=\toks23
\row@=\count118
\column@=\count119
\maxfields@=\count120
\andhelp@=\toks24
\eqnshift@=\dimen111
\alignsep@=\dimen112
\tagshift@=\dimen113
\tagwidth@=\dimen114
\totwidth@=\dimen115
\lineht@=\dimen116
\@envbody=\toks25
\multlinegap=\skip59
\multlinetaggap=\skip60
\mathdisplay@stack=\toks26
LaTeX Info: Redefining \[ on input line 2844.
LaTeX Info: Redefining \] on input line 2845.
)
("C:\Users\Lizenznehmer\AppData\Local\Programs\MiKTeX 2.9\tex/latex/substr\subs
tr.sty"
Package: substr 2009/10/20 v1.2 Handle substrings
\c@su@anzahl=\count121
)
("C:\Users\Lizenznehmer\AppData\Local\Programs\MiKTeX 2.9\tex/latex/datatool\da
tatool-fp.sty"
Package: datatool-fp 2018/12/07 v2.31 (NLCT)

("C:\Users\Lizenznehmer\AppData\Local\Programs\MiKTeX 2.9\tex/latex/fp\fp.sty"
Package: fp 1995/04/02

`Fixed Point Package', Version 0.8, April 2, 1995 (C) Michael Mehlich
("C:\Users\Lizenznehmer\AppData\Local\Programs\MiKTeX 2.9\tex/latex/fp\defpatte
rn.sty"
Package: defpattern 1994/10/12
\actioncount=\count122
)
("C:\Users\Lizenznehmer\AppData\Local\Programs\MiKTeX 2.9\tex/latex/fp\fp-basic
.sty"
Package: fp-basic 1996/05/13
\FP@xs=\count123
\FP@xia=\count124
\FP@xib=\count125
\FP@xfa=\count126
\FP@xfb=\count127
\FP@rega=\count128
\FP@regb=\count129
\FP@regs=\count130
\FP@times=\count131
)
("C:\Users\Lizenznehmer\AppData\Local\Programs\MiKTeX 2.9\tex/latex/fp\fp-addon
s.sty"
Package: fp-addons 1995/03/15
)
("C:\Users\Lizenznehmer\AppData\Local\Programs\MiKTeX 2.9\tex/latex/fp\fp-snap.
sty"
Package: fp-snap 1995/04/05
)
("C:\Users\Lizenznehmer\AppData\Local\Programs\MiKTeX 2.9\tex/latex/fp\fp-exp.s
ty"
Package: fp-exp 1995/04/03
)
("C:\Users\Lizenznehmer\AppData\Local\Programs\MiKTeX 2.9\tex/latex/fp\fp-trigo
.sty"
Package: fp-trigo 1995/04/14
)
("C:\Users\Lizenznehmer\AppData\Local\Programs\MiKTeX 2.9\tex/latex/fp\fp-pas.s
ty"
Package: fp-pas 1994/08/29
)
("C:\Users\Lizenznehmer\AppData\Local\Programs\MiKTeX 2.9\tex/latex/fp\fp-rando
m.sty"
Package: fp-random 1995/02/23
\FPseed=\count132
)
("C:\Users\Lizenznehmer\AppData\Local\Programs\MiKTeX 2.9\tex/latex/fp\fp-eqn.s
ty"
Package: fp-eqn 1995/04/03
)
("C:\Users\Lizenznehmer\AppData\Local\Programs\MiKTeX 2.9\tex/latex/fp\fp-upn.s
ty"
Package: fp-upn 1996/10/21
)
("C:\Users\Lizenznehmer\AppData\Local\Programs\MiKTeX 2.9\tex/latex/fp\fp-eval.
sty"
Package: fp-eval 1995/04/03
)))
\@dtl@toks=\toks27
\@dtl@tmpcount=\count133
\dtl@tmplength=\skip61
\dtl@sortresult=\count134
\@dtl@numgrpsepcount=\count135
\@dtl@datatype=\count136
\dtl@codeA=\count137
\dtl@codeB=\count138
\@dtl@foreach@level=\count139
)
("C:\Users\Lizenznehmer\AppData\Local\Programs\MiKTeX 2.9\tex/latex/glossaries/
base\glossaries-compatible-307.sty"
Package: glossaries-compatible-307 2019/01/06 v4.42 (NLCT)
)
("C:\Users\Lizenznehmer\AppData\Local\Programs\MiKTeX 2.9\tex/latex/tracklang\t
racklang.sty"
Package: tracklang 2018/05/13 v1.3.6 (NLCT) Track Languages

("C:\Users\Lizenznehmer\AppData\Local\Programs\MiKTeX 2.9\tex/generic/tracklang
\tracklang.tex"))
("C:\Users\Lizenznehmer\AppData\Local\Programs\MiKTeX 2.9\tex/latex/translator\
translator.sty"
Package: translator 2018/01/04 v1.12 Easy translation of strings in LaTeX
)
("C:\Users\Lizenznehmer\AppData\Local\Programs\MiKTeX 2.9\tex/latex/glossaries-
german\glossaries-german.ldf"
File: glossaries-german.ldf 2014/11/23 v1.0
)
\gls@level=\count140
\@gls@tmpb=\toks28
\gls@tmplen=\skip62
\glskeylisttok=\toks29
\glslabeltok=\toks30
\glsshorttok=\toks31
\glslongtok=\toks32

("C:\Users\Lizenznehmer\AppData\Local\Programs\MiKTeX 2.9\tex/latex/glossaries/
styles\glossary-hypernav.sty"
Package: glossary-hypernav 2019/01/06 v4.42 (NLCT)
)
("C:\Users\Lizenznehmer\AppData\Local\Programs\MiKTeX 2.9\tex/latex/glossaries/
styles\glossary-list.sty"
Package: glossary-list 2019/01/06 v4.42 (NLCT)
\glslistdottedwidth=\skip63
)
("C:\Users\Lizenznehmer\AppData\Local\Programs\MiKTeX 2.9\tex/latex/glossaries/
styles\glossary-long.sty"
Package: glossary-long 2019/01/06 v4.42 (NLCT)

("C:\Users\Lizenznehmer\AppData\Local\Programs\MiKTeX 2.9\tex/latex/tools\longt
able.sty"
Package: longtable 2014/10/28 v4.11 Multi-page Table package (DPC)+ FMi change
\LTleft=\skip64
\LTright=\skip65
\LTpre=\skip66
\LTpost=\skip67
\LTchunksize=\count141
\LTcapwidth=\dimen117
\LT@head=\box31
\LT@firsthead=\box32
\LT@foot=\box33
\LT@lastfoot=\box34
\LT@cols=\count142
\LT@rows=\count143
\c@LT@tables=\count144
\c@LT@chunks=\count145
\LT@p@ftn=\toks33
)
Class scrartcl Info: longtable captions redefined on input line 43.
\glsdescwidth=\skip68
\glspagelistwidth=\skip69
)
("C:\Users\Lizenznehmer\AppData\Local\Programs\MiKTeX 2.9\tex/latex/glossaries/
styles\glossary-super.sty"
Package: glossary-super 2019/01/06 v4.42 (NLCT)

("C:\Users\Lizenznehmer\AppData\Local\Programs\MiKTeX 2.9\tex/latex/supertabula
r\supertabular.sty"
Package: supertabular 2004/02/20 v4.1e the supertabular environment
\c@tracingst=\count146
\ST@wd=\dimen118
\ST@rightskip=\skip70
\ST@leftskip=\skip71
\ST@parfillskip=\skip72
\ST@pageleft=\dimen119
\ST@headht=\dimen120
\ST@tailht=\dimen121
\ST@pagesofar=\dimen122
\ST@pboxht=\dimen123
\ST@lineht=\dimen124
\ST@stretchht=\dimen125
\ST@prevht=\dimen126
\ST@toadd=\dimen127
\ST@dimen=\dimen128
\ST@pbox=\box35
))
("C:\Users\Lizenznehmer\AppData\Local\Programs\MiKTeX 2.9\tex/latex/glossaries/
styles\glossary-tree.sty"
Package: glossary-tree 2019/01/06 v4.42 (NLCT)
\glstreeindent=\skip73
))
("C:\Users\Lizenznehmer\AppData\Local\Programs\MiKTeX 2.9\tex/latex/enumitem\en
umitem.sty"
Package: enumitem 2019/02/04 v3.8 Customized lists
\labelindent=\skip74
\enit@outerparindent=\dimen129
\enit@toks=\toks34
\enit@inbox=\box36
\enit@count@id=\count147
\enitdp@description=\count148
)
("C:\Users\Lizenznehmer\AppData\Local\Programs\MiKTeX 2.9\tex/latex/tools\tabul
arx.sty"
Package: tabularx 2016/02/03 v2.11b `tabularx' package (DPC)

("C:\Users\Lizenznehmer\AppData\Local\Programs\MiKTeX 2.9\tex/latex/tools\array
.sty"
Package: array 2018/12/30 v2.4k Tabular extension package (FMi)
\col@sep=\dimen130
\ar@mcellbox=\box37
\extrarowheight=\dimen131
\NC@list=\toks35
\extratabsurround=\skip75
\backup@length=\skip76
\ar@cellbox=\box38
)
\TX@col@width=\dimen132
\TX@old@table=\dimen133
\TX@old@col=\dimen134
\TX@target=\dimen135
\TX@delta=\dimen136
\TX@cols=\count149
\TX@ftn=\toks36
)

Package hyperref Warning: Option `bookmarks' has already been used,
(hyperref)                setting the option has no effect on input line 14.

) (templates/options.tex) (templates/glossaryEntries.tex)
Package csquotes Info: Checking for multilingual support...
Package csquotes Info: ... found 'babel' package.
Package csquotes Info: Adjusting default style.
Package csquotes Info: Redefining alias 'default' -> 'german'.
 (scopeStatement.aux)
\openout1 = `scopeStatement.aux'.

LaTeX Font Info:    Checking defaults for OML/cmm/m/it on input line 5.
LaTeX Font Info:    ... okay on input line 5.
LaTeX Font Info:    Checking defaults for T1/cmr/m/n on input line 5.
LaTeX Font Info:    ... okay on input line 5.
LaTeX Font Info:    Checking defaults for OT1/cmr/m/n on input line 5.
LaTeX Font Info:    ... okay on input line 5.
LaTeX Font Info:    Checking defaults for OMS/cmsy/m/n on input line 5.
LaTeX Font Info:    ... okay on input line 5.
LaTeX Font Info:    Checking defaults for OMX/cmex/m/n on input line 5.
LaTeX Font Info:    ... okay on input line 5.
LaTeX Font Info:    Checking defaults for U/cmr/m/n on input line 5.
LaTeX Font Info:    ... okay on input line 5.
LaTeX Font Info:    Checking defaults for PD1/pdf/m/n on input line 5.
LaTeX Font Info:    ... okay on input line 5.
\AtBeginShipoutBox=\box39
Package hyperref Info: Link coloring OFF on input line 5.

("C:\Users\Lizenznehmer\AppData\Local\Programs\MiKTeX 2.9\tex/latex/hyperref\na
meref.sty"
Package: nameref 2016/05/21 v2.44 Cross-referencing by name of section

("C:\Users\Lizenznehmer\AppData\Local\Programs\MiKTeX 2.9\tex/generic/oberdiek\
gettitlestring.sty"
Package: gettitlestring 2016/05/16 v1.5 Cleanup title references (HO)
)
\c@section@level=\count150
)
LaTeX Info: Redefining \ref on input line 5.
LaTeX Info: Redefining \pageref on input line 5.
LaTeX Info: Redefining \nameref on input line 5.
 (scopeStatement.out) (scopeStatement.out)
\@outlinefile=\write3
\openout3 = `scopeStatement.out'.

Class scrartcl Info: loading recommended package `bookmark'.
(scrartcl)           Using `bookmark' together with `hyperref' is recommended,
(scrartcl)           because of handling of possible bookmark level gaps.
(scrartcl)           You can avoid loading `bookmark' with KOMA-Script option
(scrartcl)           `bookmarkpackage=false' before \begin{document} and
(scrartcl)           you can avoid this message with `\usepackage{bookmark}'
(scrartcl)           before \begin{document} on input line 5.

("C:\Users\Lizenznehmer\AppData\Local\Programs\MiKTeX 2.9\tex/latex/oberdiek\bo
okmark.sty"
Package: bookmark 2016/05/17 v1.26 PDF bookmarks (HO)

("C:\Users\Lizenznehmer\AppData\Local\Programs\MiKTeX 2.9\tex/latex/oberdiek\bk
m-pdftex.def"
File: bkm-pdftex.def 2016/05/17 v1.26 bookmark driver for pdfTeX (HO)
Package auxhook Info: \AddLineBeginMainAux comes a little late,
(auxhook)             because the main .aux file is already opened on input lin
e 164.
\BKM@id=\count151
)) (topics/preamble.tex
LaTeX Font Info:    Try loading font information for T1+cmss on input line 3.

("C:\Users\Lizenznehmer\AppData\Local\Programs\MiKTeX 2.9\tex/latex/base\t1cmss
.fd"
File: t1cmss.fd 2014/09/29 v2.5h Standard LaTeX font definitions
) [1


{C:/Users/Lizenznehmer/AppData/Local/MiKTeX/2.9/pdftex/config/pdftex.map}]

Package hyperref Warning: old toc file detected, not used; run LaTeX again.

\tf@toc=\write4
\openout4 = `scopeStatement.toc'.

) (topics/introduction.tex
LaTeX Font Info:    Try loading font information for OMS+cmr on input line 14.

("C:\Users\Lizenznehmer\AppData\Local\Programs\MiKTeX 2.9\tex/latex/base\omscmr
.fd"
File: omscmr.fd 2014/09/29 v2.5h Standard LaTeX font definitions
)
LaTeX Font Info:    Font shape `OMS/cmr/m/n' in size <10.95> not available
(Font)              Font shape `OMS/cmsy/m/n' tried instead on input line 14.
) (topics/targeting.tex [1]

! Package glossaries Error: Glossary entry `Luftqualit\IeC {\"a}tsdaten' has no
t been defined.

See the glossaries package documentation for explanation.
Type  H <return>  for immediate help.
 ...                                              
                                                  
l.11 ...rschiedlichen \glspl{Luftqualitätsdaten} 
                                                  sollen mit farbigen Markie...

You need to define a glossary entry before you can use it.

[2]) (topics/fielding.tex) (topics/environment.tex) (topics/functionality.tex
[3] [4]
Overfull \hbox (10.88788pt too wide) in paragraph at lines 50--51
[] 
 []

) (topics/productData.tex
Underfull \hbox (badness 10000) in paragraph at lines 69--2

 []

[5

]
Overfull \hbox (10.88788pt too wide) in paragraph at lines 15--16
[] 
 []

) (topics/systemModel.tex
Underfull \hbox (badness 10000) in paragraph at lines 28--2

 []

) (topics/productCharacteristics.tex) (topics/ui.tex)
(topics/qualityTargets.tex) (topics/testcases.tex)
(topics/developmentEnviroment.tex) (topics/glossary.tex

Package glossaries Warning: Empty glossary for \printnoidxglossary[type={main}]
. Rerun may be required (or you may have forgotten to use commands like \gls) o
n input line 3.

)
Package atveryend Info: Empty hook `BeforeClearDocument' on input line 24.
 [6] [7]
Package atveryend Info: Empty hook `AfterLastShipout' on input line 24.
 (scopeStatement.aux)
Package atveryend Info: Executing hook `AtVeryEndDocument' on input line 24.
Package atveryend Info: Executing hook `AtEndAfterFileList' on input line 24.
Package rerunfilecheck Info: File `scopeStatement.out' has not changed.
(rerunfilecheck)             Checksum: D41D8CD98F00B204E9800998ECF8427E;0.
Package atveryend Info: Empty hook `AtVeryVeryEnd' on input line 24.
 ) 
Here is how much of TeX's memory you used:
 15249 strings out of 492945
 267224 string characters out of 3123144
 535060 words of memory out of 3000000
 18849 multiletter control sequences out of 15000+200000
 14602 words of font info for 39 fonts, out of 3000000 for 9000
 1141 hyphenation exceptions out of 8191
 58i,8n,51p,9193b,497s stack positions out of 5000i,500n,10000p,200000b,50000s
pdfTeX warning (dest): name{glo:Feinstaub} has been referenced but does not e
xist, replaced by a fixed one

pdfTeX warning (dest): name{glo:DIY} has been referenced but does not exist, re
placed by a fixed one

pdfTeX warning (dest): name{glo:Sensor} has been referenced but does not exist,
 replaced by a fixed one

 <C:\Users\Lizenznehmer\AppData\Local\MiKTeX\2.9\fonts/pk/ljfour/jknappen/ec/dp
i600\ecbx1095.pk> <C:\Users\Lizenznehmer\AppData\Local\MiKTeX\2.9\fonts/pk/ljfo
ur/jknappen/ec/dpi600\ecrm1095.pk> <C:\Users\Lizenznehmer\AppData\Local\MiKTeX\
2.9\fonts/pk/ljfour/jknappen/ec/dpi600\ecsx1440.pk> <C:\Users\Lizenznehmer\AppD
ata\Local\MiKTeX\2.9\fonts/pk/ljfour/jknappen/ec/dpi600\ecrm1440.pk> <C:\Users\
Lizenznehmer\AppData\Local\MiKTeX\2.9\fonts/pk/ljfour/jknappen/ec/dpi600\ecsx12
00.pk> <C:\Users\Lizenznehmer\AppData\Local\MiKTeX\2.9\fonts/pk/ljfour/jknappen
/ec/dpi600\ecsx2074.pk><C:/Users/Lizenznehmer/AppData/Local/Programs/MiKTeX 2.9
/fonts/type1/public/amsfonts/cm/cmsy10.pfb>
Output written on scopeStatement.pdf (8 pages, 117079 bytes).
PDF statistics:
 439 PDF objects out of 1000 (max. 8388607)
 42 named destinations out of 1000 (max. 500000)
 233 words of extra memory for PDF output out of 10000 (max. 10000000)

